<?xml version="1.0" encoding="UTF-8"?>
<testsuite xmlns:xsi="http://www.w3.org/2001/XMLSchema-instance" xsi:noNamespaceSchemaLocation="https://maven.apache.org/surefire/maven-surefire-plugin/xsd/surefire-test-report-3.0.xsd" version="3.0" name="com.eazybytes.accounts.AccountsApplicationTests" time="40.968" tests="1" errors="0" skipped="0" failures="0">
  <properties>
[...]
</properties>
  <testcase name="contextLoads" classname="com.eazybytes.accounts.AccountsApplicationTests" time="2.835">
    <system-out><![CDATA[18:20:09.512 [main] INFO org.springframework.test.context.support.AnnotationConfigContextLoaderUtils -- Could not detect default configuration classes for test class [com.eazybytes.accounts.AccountsApplicationTests]: AccountsApplicationTests does not declare any static, non-private, non-final, nested classes annotated with @Configuration.
18:20:10.007 [main] INFO org.springframework.boot.test.context.SpringBootTestContextBootstrapper -- Found @SpringBootConfiguration com.eazybytes.accounts.AccountsApplication for test class com.eazybytes.accounts.AccountsApplicationTests

  .   ____          _            __ _ _
 /\\ / ___'_ __ _ _(_)_ __  __ _ \ \ \ \
( ( )\___ | '_ | '_| | '_ \/ _` | \ \ \ \
 \\/  ___)| |_)| | | | | || (_| |  ) ) ) )
  '  |____| .__|_| |_|_| |_\__, | / / / /
 =========|_|==============|___/=/_/_/_/
 :: Spring Boot ::                (v3.1.3)

2023-12-31T18:20:14.891+02:00  INFO 13016 --- [           main] c.e.accounts.AccountsApplicationTests    : Starting AccountsApplicationTests using Java 17.0.8 with PID 13016 (started by user in E:\ProgrammingPreparation\microservices\EazyBytes\section_6\v2-spring-cloud-config\accounts)
2023-12-31T18:20:14.896+02:00  INFO 13016 --- [           main] c.e.accounts.AccountsApplicationTests    : The following 1 profile is active: "prod"
2023-12-31T18:20:15.153+02:00  INFO 13016 --- [           main] o.s.c.c.c.ConfigServerConfigDataLoader   : Fetching config from server at : http://localhost:8071/
2023-12-31T18:20:15.153+02:00  INFO 13016 --- [           main] o.s.c.c.c.ConfigServerConfigDataLoader   : Located environment: name=accounts, profiles=[default], label=null, version=1d9ebc41e6c145a598b92139faa5a9fffb369899, state=null
2023-12-31T18:20:15.154+02:00  INFO 13016 --- [           main] o.s.c.c.c.ConfigServerConfigDataLoader   : Fetching config from server at : http://localhost:8071/
2023-12-31T18:20:15.154+02:00  INFO 13016 --- [           main] o.s.c.c.c.ConfigServerConfigDataLoader   : Located environment: name=accounts, profiles=[prod], label=null, version=1d9ebc41e6c145a598b92139faa5a9fffb369899, state=null
2023-12-31T18:20:19.565+02:00  INFO 13016 --- [           main] .s.d.r.c.RepositoryConfigurationDelegate : Bootstrapping Spring Data JPA repositories in DEFAULT mode.
2023-12-31T18:20:19.895+02:00  INFO 13016 --- [           main] .s.d.r.c.RepositoryConfigurationDelegate : Finished Spring Data repository scanning in 315 ms. Found 2 JPA repository interfaces.
2023-12-31T18:20:20.390+02:00  INFO 13016 --- [           main] faultConfiguringBeanFactoryPostProcessor : No bean named 'errorChannel' has been explicitly defined. Therefore, a default PublishSubscribeChannel will be created.
2023-12-31T18:20:20.456+02:00  INFO 13016 --- [           main] faultConfiguringBeanFactoryPostProcessor : No bean named 'integrationHeaderChannelRegistry' has been explicitly defined. Therefore, a default DefaultHeaderChannelRegistry will be created.
2023-12-31T18:20:20.871+02:00  INFO 13016 --- [           main] o.s.cloud.context.scope.GenericScope     : BeanFactory id=994766d4-30c2-3c08-bc38-8c7ea96dbbd2
2023-12-31T18:20:22.480+02:00  INFO 13016 --- [           main] com.zaxxer.hikari.HikariDataSource       : HikariPool-1 - Starting...
2023-12-31T18:20:23.176+02:00  INFO 13016 --- [           main] com.zaxxer.hikari.pool.HikariPool        : HikariPool-1 - Added connection conn0: url=jdbc:h2:mem:testdb user=SA
2023-12-31T18:20:23.178+02:00  INFO 13016 --- [           main] com.zaxxer.hikari.HikariDataSource       : HikariPool-1 - Start completed.
2023-12-31T18:20:23.710+02:00  INFO 13016 --- [           main] o.hibernate.jpa.internal.util.LogHelper  : HHH000204: Processing PersistenceUnitInfo [name: default]
2023-12-31T18:20:23.865+02:00  INFO 13016 --- [           main] org.hibernate.Version                    : HHH000412: Hibernate ORM core version 6.2.7.Final
2023-12-31T18:20:23.870+02:00  INFO 13016 --- [           main] org.hibernate.cfg.Environment            : HHH000406: Using bytecode reflection optimizer
2023-12-31T18:20:24.477+02:00  INFO 13016 --- [           main] o.h.b.i.BytecodeProviderInitiator        : HHH000021: Bytecode provider name : bytebuddy
2023-12-31T18:20:24.989+02:00  INFO 13016 --- [           main] o.s.o.j.p.SpringPersistenceUnitInfo      : No LoadTimeWeaver setup: ignoring JPA class transformer
2023-12-31T18:20:25.927+02:00  INFO 13016 --- [           main] o.h.b.i.BytecodeProviderInitiator        : HHH000021: Bytecode provider name : bytebuddy
2023-12-31T18:20:29.141+02:00  INFO 13016 --- [           main] o.h.e.t.j.p.i.JtaPlatformInitiator       : HHH000490: Using JtaPlatform implementation: [org.hibernate.engine.transaction.jta.platform.internal.NoJtaPlatform]
Hibernate: alter table if exists accounts alter column account_number set data type bigint
Hibernate: alter table if exists accounts alter column created_at set data type timestamp(6)
Hibernate: alter table if exists accounts alter column created_by set data type varchar(255)
Hibernate: alter table if exists accounts alter column updated_at set data type timestamp(6)
Hibernate: alter table if exists accounts alter column updated_by set data type varchar(255)
Hibernate: alter table if exists accounts alter column account_type set data type varchar(255)
Hibernate: alter table if exists accounts alter column branch_address set data type varchar(255)
Hibernate: alter table if exists accounts alter column customer_id set data type bigint
Hibernate: alter table if exists customer alter column customer_id set data type bigint
Hibernate: alter table if exists customer alter column created_at set data type timestamp(6)
Hibernate: alter table if exists customer alter column created_by set data type varchar(255)
Hibernate: alter table if exists customer alter column updated_at set data type timestamp(6)
Hibernate: alter table if exists customer alter column updated_by set data type varchar(255)
Hibernate: alter table if exists customer alter column email set data type varchar(255)
Hibernate: alter table if exists customer alter column mobile_number set data type varchar(255)
Hibernate: alter table if exists customer alter column name set data type varchar(255)
2023-12-31T18:20:29.613+02:00  INFO 13016 --- [           main] j.LocalContainerEntityManagerFactoryBean : Initialized JPA EntityManagerFactory for persistence unit 'default'
2023-12-31T18:20:33.932+02:00  WARN 13016 --- [           main] JpaBaseConfiguration$JpaWebConfiguration : spring.jpa.open-in-view is enabled by default. Therefore, database queries may be performed during view rendering. Explicitly configure spring.jpa.open-in-view to disable this warning
2023-12-31T18:20:41.522+02:00  INFO 13016 --- [           main] o.s.c.s.m.DirectWithAttributesChannel    : Channel 'accounts.springCloudBusInput' has 1 subscriber(s).
2023-12-31T18:20:42.272+02:00  INFO 13016 --- [           main] o.s.b.a.h2.H2ConsoleAutoConfiguration    : H2 console available at '/h2-console'. Database available at 'jdbc:h2:mem:testdb'
2023-12-31T18:20:43.253+02:00  INFO 13016 --- [           main] o.s.b.a.e.web.EndpointLinksResolver      : Exposing 21 endpoint(s) beneath base path '/actuator'
2023-12-31T18:20:43.893+02:00  INFO 13016 --- [           main] o.s.i.endpoint.EventDrivenConsumer       : Adding {logging-channel-adapter:_org.springframework.integration.errorLogger} as a subscriber to the 'errorChannel' channel
2023-12-31T18:20:43.893+02:00  INFO 13016 --- [           main] o.s.i.channel.PublishSubscribeChannel    : Channel 'accounts.errorChannel' has 1 subscriber(s).
2023-12-31T18:20:43.893+02:00  INFO 13016 --- [           main] o.s.i.endpoint.EventDrivenConsumer       : started bean '_org.springframework.integration.errorLogger'
2023-12-31T18:20:43.898+02:00  INFO 13016 --- [           main] o.s.c.s.binder.DefaultBinderFactory      : Creating binder: rabbit
2023-12-31T18:20:43.901+02:00  INFO 13016 --- [           main] o.s.c.s.binder.DefaultBinderFactory      : Constructing binder child context for rabbit
2023-12-31T18:20:44.346+02:00  INFO 13016 --- [           main] o.s.c.s.binder.DefaultBinderFactory      : Caching the binder: rabbit
2023-12-31T18:20:44.699+02:00  INFO 13016 --- [           main] c.s.b.r.p.RabbitExchangeQueueProvisioner : declaring queue for inbound: springCloudBus.anonymous.tMz2NcbCSiWtrbAn6CD-OQ, bound to: springCloudBus
2023-12-31T18:20:44.715+02:00  INFO 13016 --- [           main] o.s.a.r.c.CachingConnectionFactory       : Attempting to connect to: [localhost:5672]
2023-12-31T18:20:45.375+02:00  INFO 13016 --- [           main] o.s.a.r.c.CachingConnectionFactory       : Created new connection: rabbitConnectionFactory#3656a6cd:0/SimpleConnection@6a2cd5ea [delegate=amqp://guest@127.0.0.1:5672/, localPort=62812]
2023-12-31T18:20:45.936+02:00  INFO 13016 --- [           main] o.s.c.stream.binder.BinderErrorChannel   : Channel 'rabbit-1452065221.springCloudBusInput.errors' has 1 subscriber(s).
2023-12-31T18:20:45.938+02:00  INFO 13016 --- [           main] o.s.c.stream.binder.BinderErrorChannel   : Channel 'rabbit-1452065221.springCloudBusInput.errors' has 2 subscriber(s).
2023-12-31T18:20:46.028+02:00  INFO 13016 --- [           main] o.s.i.a.i.AmqpInboundChannelAdapter      : started bean 'inbound.springCloudBus.anonymous.tMz2NcbCSiWtrbAn6CD-OQ'
2023-12-31T18:20:46.305+02:00  INFO 13016 --- [           main] c.e.accounts.AccountsApplicationTests    : Started AccountsApplicationTests in 35.708 seconds (process running for 40.055)
]]></system-out>
  </testcase>
</testsuite>